15:08:46.174 [main                     ] DEBUG GameApplication      - Logger initialized
15:08:46.198 [main                     ] DEBUG GameApplication      - Logging settings
Title: Basic Game App
Version: 0.1
Width: 600
Height: 600
Fullscreen: false
Intro: false
Profiling: false
Single step:false
App Mode: DEVELOPER
Menu Key: ESCAPE
Stage Style: DECORATED
Scene Factory: class com.almasb.fxgl.app.scene.SceneFactory

15:08:46.744 [JavaFX Application Thread] DEBUG FXGLApplication      - Initializing FXGL
15:08:46.772 [JavaFX Application Thread] INFO  Engine               - FXGL-dev-SNAPSHOT (07.07.2020 16.34) on WINDOWS (J:11.0.7 FX:13.0.2)
15:08:46.772 [JavaFX Application Thread] DEBUG Engine               - JRE Vendor Name: Oracle Corporation
15:08:46.772 [JavaFX Application Thread] DEBUG Engine               - Running on OS: Windows 10 version 10.0
15:08:46.772 [JavaFX Application Thread] DEBUG Engine               - Architecture: amd64
15:08:46.773 [JavaFX Application Thread] INFO  Engine               - Source code and latest versions at: https://github.com/AlmasB/FXGL
15:08:46.773 [JavaFX Application Thread] INFO  Engine               -              Join the FXGL chat at: https://gitter.im/AlmasB/FXGL
15:08:46.940 [JavaFX Application Thread] DEBUG MainWindow           - Creating a JavaFX scene
15:08:47.030 [JavaFX Application Thread] DEBUG MainWindow           - Target settings size: 600.0 x 600.0
15:08:47.031 [JavaFX Application Thread] DEBUG MainWindow           - Scaled scene size:    600.0 x 600.0
15:08:47.031 [JavaFX Application Thread] DEBUG MainWindow           - Scaled ratio: (1.0, 1.0)
15:08:47.032 [JavaFX Application Thread] DEBUG MainWindow           - Set initial scene to FXGLStartupScene
15:08:47.041 [JavaFX Application Thread] DEBUG MainWindow           - Opening main window
15:08:47.172 [JavaFX Application Thread] DEBUG MainWindow           - Window border size: (16.0, 39.0)
15:08:47.172 [JavaFX Application Thread] DEBUG MainWindow           - Scaled size: 600.0 x 600.0
15:08:47.173 [JavaFX Application Thread] DEBUG MainWindow           - Scaled ratio: (1.0, 1.0)
15:08:47.173 [JavaFX Application Thread] DEBUG MainWindow           - Scene size: 600.0 x 600.0
15:08:47.173 [JavaFX Application Thread] DEBUG MainWindow           - Stage size: 616.0 x 639.0
15:08:47.185 [FXGL Background Thread 1 ] DEBUG Engine               - Initializing environment variables
15:08:47.227 [FXGL Background Thread 1 ] DEBUG GameApplicationService - Applying CSS: fxgl_dark.css
15:08:47.228 [FXGL Background Thread 1 ] DEBUG FXGLAssetLoaderService - Loading from file system: /assets/ui/css/fxgl_dark.css
15:08:47.298 [FXGL Background Thread 1 ] DEBUG GameApplicationService - Initializing application scenes
15:08:47.353 [FXGL Background Thread 1 ] DEBUG GameWorld            - Game world initialized
15:08:47.438 [FXGL Background Thread 1 ] DEBUG PhysicsWorld         - Physics world initialized: appHeight=600, physics.ppm=50.0
15:08:47.440 [FXGL Background Thread 1 ] DEBUG GameScene            - Game scene initialized: 600x600
15:08:47.480 [FXGL Background Thread 1 ] DEBUG FXGLAssetLoaderService - Loading from file system: /assets/textures/particles/trace_horizontal.png
15:08:47.563 [FXGL Background Thread 1 ] WARN  FXGL.DefaultMenu     - FXGLDefaultMenu is not designed for resolutions < 800x600
15:08:47.564 [FXGL Background Thread 1 ] DEBUG FXGL.DefaultMenu     - createMenuBodyGameMenu()
15:08:47.587 [FXGL Background Thread 1 ] DEBUG FXGL.DefaultMenu     - createOptionsMenu()
15:08:47.593 [FXGL Background Thread 1 ] DEBUG FXGLAssetLoaderService - Loading from file system: /assets/textures/particles/smoke.png
15:08:47.665 [FXGL Background Thread 1 ] DEBUG GameApplicationService - Application scenes initialized
15:08:47.678 [FXGL Background Thread 1 ] DEBUG SystemBundleService  - Loading FXGL system data
15:08:47.684 [FXGL Background Thread 1 ] DEBUG FileSystemAccess     - Reading from: D:\CodeGym\Module02\casestudy2\system\fxgl.bundle
15:08:47.691 [FXGL Background Thread 1 ] DEBUG SystemBundleService  - Bundle FXGL: {}
15:08:47.692 [FXGL Background Thread 1 ] DEBUG UpdaterService       - Checking for updates
15:08:47.697 [FXGL Background Thread 1 ] DEBUG FXGLApplication      - Loading localizations
15:08:47.697 [FXGL Background Thread 1 ] DEBUG FXGLAssetLoaderService - Loading from file system: /assets/languages/english.lang
15:08:47.718 [FXGL Background Thread 1 ] DEBUG FXGLAssetLoaderService - Loading from file system: /assets/languages/french.lang
15:08:47.721 [FXGL Background Thread 1 ] DEBUG FXGLAssetLoaderService - Loading from file system: /assets/languages/german.lang
15:08:47.724 [FXGL Background Thread 1 ] DEBUG FXGLAssetLoaderService - Loading from file system: /assets/languages/hungarian.lang
15:08:47.731 [FXGL Background Thread 1 ] DEBUG FXGLAssetLoaderService - Loading from file system: /assets/languages/russian.lang
15:08:47.735 [FXGL Background Thread 1 ] DEBUG FXGLApplication      - Registering font factories with UI factory
15:08:47.736 [FXGL Background Thread 1 ] DEBUG FXGLAssetLoaderService - Loading from file system: /assets/ui/fonts/VarelaRound-Regular.ttf
15:08:48.136 [FXGL Background Thread 1 ] DEBUG FXGLAssetLoaderService - Loading from file system: /assets/ui/fonts/Abel-Regular.ttf
15:08:48.141 [FXGL Background Thread 1 ] DEBUG FXGLAssetLoaderService - Loading from file system: /assets/ui/fonts/lucida_console.ttf
15:08:48.148 [FXGL Background Thread 1 ] DEBUG FXGLAssetLoaderService - Loading from file system: /assets/ui/fonts/Courier-Prime.ttf
15:08:48.154 [FXGL Background Thread 1 ] INFO  FXGLApplication      - FXGL initialization took: 0.969 sec
15:08:48.166 [JavaFX Application Thread] DEBUG Input                - Registered new binding: Move Right - D
15:08:48.166 [JavaFX Application Thread] DEBUG Input                - Registered new binding: Move Left - A
15:08:48.167 [JavaFX Application Thread] DEBUG Input                - Registered new binding: Move Up - W
15:08:48.167 [JavaFX Application Thread] DEBUG Input                - Registered new binding: Move Down - S
15:08:48.167 [JavaFX Application Thread] DEBUG Input                - Registered new binding: Play Sound - F
15:08:48.167 [JavaFX Application Thread] DEBUG FXGLAssetLoaderService - Loading from file system: /assets/textures/fxgl_icon.png
15:08:48.192 [JavaFX Application Thread] DEBUG FXGLAssetLoaderService - Loading from file system: /assets/ui/cursors/fxgl_default.png
15:08:48.195 [JavaFX Application Thread] DEBUG Input                - Registered new binding: Screenshot - P
15:08:48.196 [JavaFX Application Thread] DEBUG Input                - Registered new binding: System info dump - CTRL+9
15:08:48.197 [JavaFX Application Thread] DEBUG Input                - Registered new binding: Restart - CTRL+R
15:08:48.198 [JavaFX Application Thread] DEBUG LoopRunner           - Starting loop
15:08:48.228 [JavaFX Application Thread] DEBUG FXGLStartupScene     - STARTUP
15:08:48.228 [JavaFX Application Thread] DEBUG GameApplicationService - Starting new game
15:08:48.229 [JavaFX Application Thread] DEBUG Input                - Clearing active input actions
15:08:48.245 [JavaFX Application Thread] DEBUG GameApplicationService - Removing overlay from FXGLStartupScene and adding to FXGLLoadingScene
15:08:48.245 [JavaFX Application Thread] DEBUG MainWindow           - FXGLStartupScene -> FXGLLoadingScene
15:08:48.245 [JavaFX Application Thread] DEBUG GameApplicationService - Clearing previous game
15:08:48.245 [JavaFX Application Thread] DEBUG GameScene            - Clearing game scene
15:08:48.246 [JavaFX Application Thread] DEBUG GameWorld            - Clearing game world
15:08:48.246 [JavaFX Application Thread] DEBUG PhysicsWorld         - Clearing physics world
15:08:48.247 [FXGL Background Thread 1 ] DEBUG FXGLApplication      - Initializing game
15:08:48.250 [FXGL Background Thread 1 ] DEBUG FXGLAssetLoaderService - Loading from file system: /assets/textures/brick.png
15:08:48.251 [FXGL Background Thread 1 ] WARN  FXGLAssetLoaderService - Failed to load texture brick.png Error: java.lang.IllegalArgumentException: Asset "/assets/textures/brick.png" was not found!
15:08:48.409 [FXGL Background Thread 1 ] DEBUG FXGLAssetLoaderService - Loading from file system: /assets/textures/brick.png
15:08:48.410 [FXGL Background Thread 1 ] WARN  FXGLAssetLoaderService - Failed to load texture brick.png Error: java.lang.IllegalArgumentException: Asset "/assets/textures/brick.png" was not found!
15:08:48.410 [FXGL Background Thread 1 ] INFO  FXGLApplication      - Game initialization took: 0.163 sec
15:08:48.447 [JavaFX Application Thread] DEBUG Input                - Clearing active input actions
15:08:48.457 [JavaFX Application Thread] DEBUG GameApplicationService - Removing overlay from FXGLLoadingScene and adding to GameScene
15:08:48.457 [JavaFX Application Thread] DEBUG MainWindow           - FXGLLoadingScene -> GameScene
15:08:48.624 [FXGL Background Thread 2 ] INFO  UpdaterService       - Your current version:  dev-SNAPSHOT
15:08:48.624 [FXGL Background Thread 2 ] INFO  UpdaterService       - Latest stable version: 11.9
15:08:50.697 [FXGL Background Thread 3 ] DEBUG Engine               - Logging environment variables
15:08:50.698 [FXGL Background Thread 3 ] DEBUG Engine               - achievements: []
15:08:50.699 [FXGL Background Thread 3 ] DEBUG Engine               - appIcon: fxgl_icon.png
15:08:50.699 [FXGL Background Thread 3 ] DEBUG Engine               - applicationMode: DEVELOPER
15:08:50.699 [FXGL Background Thread 3 ] DEBUG Engine               - cSSList: [fxgl_dark.css]
15:08:50.699 [FXGL Background Thread 3 ] DEBUG Engine               - configClass: Optional.empty
15:08:50.700 [FXGL Background Thread 3 ] DEBUG Engine               - credits: []
15:08:50.700 [FXGL Background Thread 3 ] DEBUG Engine               - devBBoxColorProperty: ObjectProperty [value: 0xff0000ff]
15:08:50.700 [FXGL Background Thread 3 ] DEBUG Engine               - devSensorColorProperty: ObjectProperty [value: 0xffff00ff]
15:08:50.701 [FXGL Background Thread 3 ] DEBUG Engine               - devShowBBoxProperty: BooleanProperty [value: false]
15:08:50.701 [FXGL Background Thread 3 ] DEBUG Engine               - devShowPositionProperty: BooleanProperty [value: false]
15:08:50.701 [FXGL Background Thread 3 ] DEBUG Engine               - enabledMenuItems: []
15:08:50.701 [FXGL Background Thread 3 ] DEBUG Engine               - engineServices: [class com.almasb.fxgl.app.FXGLApplication$GameApplicationService, class com.almasb.fxgl.app.services.FXGLDialogService, class com.almasb.fxgl.app.services.IOTaskExecutorService, class com.almasb.fxgl.event.EventBusService, class com.almasb.fxgl.io.FileSystemService, class com.almasb.fxgl.localization.LocalizationService, class com.almasb.fxgl.app.services.FXGLAssetLoaderService, class com.almasb.fxgl.app.services.SystemBundleService, class com.almasb.fxgl.profile.SaveLoadService, class com.almasb.fxgl.ui.FXGLUIFactoryServiceProvider, class com.almasb.fxgl.ui.FXGLDialogFactoryServiceProvider, class com.almasb.fxgl.audio.AudioPlayer, class com.almasb.fxgl.notification.impl.NotificationServiceProvider, class com.almasb.fxgl.achievement.AchievementService, class com.almasb.fxgl.cutscene.CutsceneService, class com.almasb.fxgl.minigames.MiniGameService, class com.almasb.fxgl.net.NetService, class com.almasb.fxgl.app.services.UpdaterService, class com.almasb.fxgl.dev.DevService]
15:08:50.701 [FXGL Background Thread 3 ] DEBUG Engine               - fontGame: Abel-Regular.ttf
15:08:50.702 [FXGL Background Thread 3 ] DEBUG Engine               - fontMono: lucida_console.ttf
15:08:50.702 [FXGL Background Thread 3 ] DEBUG Engine               - fontText: Courier-Prime.ttf
15:08:50.702 [FXGL Background Thread 3 ] DEBUG Engine               - fontUI: VarelaRound-Regular.ttf
15:08:50.702 [FXGL Background Thread 3 ] DEBUG Engine               - fullScreen: BooleanProperty [value: false]
15:08:50.702 [FXGL Background Thread 3 ] DEBUG Engine               - gameDifficulty: MEDIUM
15:08:50.702 [FXGL Background Thread 3 ] DEBUG Engine               - gameDifficultyProperty: ObjectProperty [value: MEDIUM]
15:08:50.703 [FXGL Background Thread 3 ] DEBUG Engine               - globalMusicVolume: 0.5
15:08:50.703 [FXGL Background Thread 3 ] DEBUG Engine               - globalMusicVolumeProperty: DoubleProperty [value: 0.5]
15:08:50.703 [FXGL Background Thread 3 ] DEBUG Engine               - globalSoundVolume: 0.5
15:08:50.703 [FXGL Background Thread 3 ] DEBUG Engine               - globalSoundVolumeProperty: DoubleProperty [value: 0.5]
15:08:50.704 [FXGL Background Thread 3 ] DEBUG Engine               - height: 600
15:08:50.704 [FXGL Background Thread 3 ] DEBUG Engine               - isAndroid: false
15:08:50.704 [FXGL Background Thread 3 ] DEBUG Engine               - isBrowser: false
15:08:50.704 [FXGL Background Thread 3 ] DEBUG Engine               - isClickFeedbackEnabled: false
15:08:50.704 [FXGL Background Thread 3 ] DEBUG Engine               - isCloseConfirmation: false
15:08:50.705 [FXGL Background Thread 3 ] DEBUG Engine               - isDesktop: true
15:08:50.705 [FXGL Background Thread 3 ] DEBUG Engine               - isDeveloperMenuEnabled: false
15:08:50.705 [FXGL Background Thread 3 ] DEBUG Engine               - isEntityPreloadEnabled: true
15:08:50.705 [FXGL Background Thread 3 ] DEBUG Engine               - isExperimentalNative: false
15:08:50.705 [FXGL Background Thread 3 ] DEBUG Engine               - isExperimentalTiledLargeMap: false
15:08:50.705 [FXGL Background Thread 3 ] DEBUG Engine               - isFullScreenAllowed: false
15:08:50.706 [FXGL Background Thread 3 ] DEBUG Engine               - isFullScreenFromStart: false
15:08:50.706 [FXGL Background Thread 3 ] DEBUG Engine               - isGameMenuEnabled: true
15:08:50.706 [FXGL Background Thread 3 ] DEBUG Engine               - isIOS: false
15:08:50.706 [FXGL Background Thread 3 ] DEBUG Engine               - isIntroEnabled: false
15:08:50.706 [FXGL Background Thread 3 ] DEBUG Engine               - isLinux: false
15:08:50.706 [FXGL Background Thread 3 ] DEBUG Engine               - isMac: false
15:08:50.707 [FXGL Background Thread 3 ] DEBUG Engine               - isMainMenuEnabled: false
15:08:50.707 [FXGL Background Thread 3 ] DEBUG Engine               - isManualResizeEnabled: false
15:08:50.707 [FXGL Background Thread 3 ] DEBUG Engine               - isMobile: false
15:08:50.707 [FXGL Background Thread 3 ] DEBUG Engine               - isPreserveResizeRatio: false
15:08:50.707 [FXGL Background Thread 3 ] DEBUG Engine               - isProfilingEnabled: false
15:08:50.707 [FXGL Background Thread 3 ] DEBUG Engine               - isSingleStep: false
15:08:50.708 [FXGL Background Thread 3 ] DEBUG Engine               - isUserProfileEnabled: false
15:08:50.708 [FXGL Background Thread 3 ] DEBUG Engine               - isWindows: true
15:08:50.708 [FXGL Background Thread 3 ] DEBUG Engine               - language: ObjectProperty [value: ENGLISH]
15:08:50.708 [FXGL Background Thread 3 ] DEBUG Engine               - menuKey: ESCAPE
15:08:50.708 [FXGL Background Thread 3 ] DEBUG Engine               - notificationViewClass: class com.almasb.fxgl.notification.view.XboxNotificationView
15:08:50.709 [FXGL Background Thread 3 ] DEBUG Engine               - pixelsPerMeter: 50.0
15:08:50.709 [FXGL Background Thread 3 ] DEBUG Engine               - platform: WINDOWS
15:08:50.709 [FXGL Background Thread 3 ] DEBUG Engine               - profileDir: profiles/
15:08:50.709 [FXGL Background Thread 3 ] DEBUG Engine               - profileName: StringProperty [value: DEFAULT]
15:08:50.709 [FXGL Background Thread 3 ] DEBUG Engine               - randomSeed: -1
15:08:50.710 [FXGL Background Thread 3 ] DEBUG Engine               - runtimeInfo: RuntimeInfo(platform=WINDOWS, version=dev-SNAPSHOT, build=07.07.2020 16.34)
15:08:50.710 [FXGL Background Thread 3 ] DEBUG Engine               - saveFileExt: sav
15:08:50.710 [FXGL Background Thread 3 ] DEBUG Engine               - sceneFactory: com.almasb.fxgl.app.scene.SceneFactory@37812752
15:08:50.710 [FXGL Background Thread 3 ] DEBUG Engine               - secondsIn24h: 60
15:08:50.710 [FXGL Background Thread 3 ] DEBUG Engine               - soundMenuBack: menu/back.wav
15:08:50.710 [FXGL Background Thread 3 ] DEBUG Engine               - soundMenuPress: menu/press.wav
15:08:50.711 [FXGL Background Thread 3 ] DEBUG Engine               - soundMenuSelect: menu/select.wav
15:08:50.711 [FXGL Background Thread 3 ] DEBUG Engine               - soundNotification: core/notification.wav
15:08:50.711 [FXGL Background Thread 3 ] DEBUG Engine               - stageStyle: DECORATED
15:08:50.711 [FXGL Background Thread 3 ] DEBUG Engine               - supportedLanguages: [ENGLISH, FRENCH, GERMAN, HUNGARIAN, RUSSIAN]
15:08:50.711 [FXGL Background Thread 3 ] DEBUG Engine               - title: Basic Game App
15:08:50.711 [FXGL Background Thread 3 ] DEBUG Engine               - urlGithub: https://github.com/AlmasB/FXGL
15:08:50.712 [FXGL Background Thread 3 ] DEBUG Engine               - urlLeaderboard: http://fxgl-top.herokuapp.com/
15:08:50.712 [FXGL Background Thread 3 ] DEBUG Engine               - urlPOM: https://raw.githubusercontent.com/AlmasB/FXGL/master/pom.xml
15:08:50.712 [FXGL Background Thread 3 ] DEBUG Engine               - version: 0.1
15:08:50.712 [FXGL Background Thread 3 ] DEBUG Engine               - versionCheckDays: 7
15:08:50.712 [FXGL Background Thread 3 ] DEBUG Engine               - width: 600
15:08:50.712 [FXGL Background Thread 3 ] DEBUG Engine               - Logging services
15:08:50.713 [FXGL Background Thread 3 ] DEBUG Engine               - class com.almasb.fxgl.app.FXGLApplication$GameApplicationService
15:08:50.713 [FXGL Background Thread 3 ] DEBUG Engine               - class com.almasb.fxgl.app.services.FXGLDialogService
15:08:50.713 [FXGL Background Thread 3 ] DEBUG Engine               - class com.almasb.fxgl.app.services.IOTaskExecutorService
15:08:50.713 [FXGL Background Thread 3 ] DEBUG Engine               - class com.almasb.fxgl.event.EventBusService
15:08:50.713 [FXGL Background Thread 3 ] DEBUG Engine               - class com.almasb.fxgl.io.FileSystemService
15:08:50.713 [FXGL Background Thread 3 ] DEBUG Engine               - class com.almasb.fxgl.localization.LocalizationService
15:08:50.714 [FXGL Background Thread 3 ] DEBUG Engine               - class com.almasb.fxgl.app.services.FXGLAssetLoaderService
15:08:50.714 [FXGL Background Thread 3 ] DEBUG Engine               - class com.almasb.fxgl.app.services.SystemBundleService
15:08:50.714 [FXGL Background Thread 3 ] DEBUG Engine               - class com.almasb.fxgl.profile.SaveLoadService
15:08:50.714 [FXGL Background Thread 3 ] DEBUG Engine               - class com.almasb.fxgl.ui.FXGLUIFactoryServiceProvider
15:08:50.714 [FXGL Background Thread 3 ] DEBUG Engine               - class com.almasb.fxgl.ui.FXGLDialogFactoryServiceProvider
15:08:50.714 [FXGL Background Thread 3 ] DEBUG Engine               - class com.almasb.fxgl.audio.AudioPlayer
15:08:50.715 [FXGL Background Thread 3 ] DEBUG Engine               - class com.almasb.fxgl.notification.impl.NotificationServiceProvider
15:08:50.715 [FXGL Background Thread 3 ] DEBUG Engine               - class com.almasb.fxgl.achievement.AchievementService
15:08:50.715 [FXGL Background Thread 3 ] DEBUG Engine               - class com.almasb.fxgl.cutscene.CutsceneService
15:08:50.715 [FXGL Background Thread 3 ] DEBUG Engine               - class com.almasb.fxgl.minigames.MiniGameService
15:08:50.715 [FXGL Background Thread 3 ] DEBUG Engine               - class com.almasb.fxgl.net.NetService
15:08:50.715 [FXGL Background Thread 3 ] DEBUG Engine               - class com.almasb.fxgl.app.services.UpdaterService
15:08:50.716 [FXGL Background Thread 3 ] DEBUG Engine               - class com.almasb.fxgl.dev.DevService
15:09:05.695 [JavaFX Application Thread] DEBUG FXGLApplication      - Exiting FXGL
15:09:05.695 [JavaFX Application Thread] DEBUG LoopRunner           - Stopping loop
15:09:05.696 [JavaFX Application Thread] DEBUG SystemBundleService  - Saving FXGL system data
15:09:05.700 [JavaFX Application Thread] DEBUG FileSystemAccess     - Writing to: D:\CodeGym\Module02\casestudy2\system\fxgl.bundle
15:09:05.703 [JavaFX Application Thread] DEBUG FXGLApplication      - Shutting down background threads
15:09:05.704 [JavaFX Application Thread] DEBUG FXGLApplication      - Closing logger and exiting JavaFX
