08:20:52.335 [main                     ] DEBUG GameApplication      - Logger initialized
08:20:52.350 [main                     ] DEBUG GameApplication      - Logging settings
Title: Basic Game App
Version: 0.1
Width: 600
Height: 600
Fullscreen: false
Intro: false
Profiling: false
Single step:false
App Mode: DEVELOPER
Menu Key: ESCAPE
Stage Style: DECORATED
Scene Factory: class com.almasb.fxgl.app.scene.SceneFactory

08:20:52.873 [JavaFX Application Thread] DEBUG FXGLApplication      - Initializing FXGL
08:20:52.904 [JavaFX Application Thread] INFO  Engine               - FXGL-dev-SNAPSHOT (07.07.2020 16.34) on WINDOWS (J:11.0.7 FX:13.0.2)
08:20:52.904 [JavaFX Application Thread] DEBUG Engine               - JRE Vendor Name: Oracle Corporation
08:20:52.905 [JavaFX Application Thread] DEBUG Engine               - Running on OS: Windows 10 version 10.0
08:20:52.905 [JavaFX Application Thread] DEBUG Engine               - Architecture: amd64
08:20:52.905 [JavaFX Application Thread] INFO  Engine               - Source code and latest versions at: https://github.com/AlmasB/FXGL
08:20:52.905 [JavaFX Application Thread] INFO  Engine               -              Join the FXGL chat at: https://gitter.im/AlmasB/FXGL
08:20:53.037 [JavaFX Application Thread] DEBUG MainWindow           - Creating a JavaFX scene
08:20:53.104 [JavaFX Application Thread] DEBUG MainWindow           - Target settings size: 600.0 x 600.0
08:20:53.104 [JavaFX Application Thread] DEBUG MainWindow           - Scaled scene size:    600.0 x 600.0
08:20:53.104 [JavaFX Application Thread] DEBUG MainWindow           - Scaled ratio: (1.0, 1.0)
08:20:53.105 [JavaFX Application Thread] DEBUG MainWindow           - Set initial scene to FXGLStartupScene
08:20:53.111 [JavaFX Application Thread] DEBUG MainWindow           - Opening main window
08:20:53.211 [JavaFX Application Thread] DEBUG MainWindow           - Window border size: (16.0, 39.0)
08:20:53.211 [JavaFX Application Thread] DEBUG MainWindow           - Scaled size: 600.0 x 600.0
08:20:53.212 [JavaFX Application Thread] DEBUG MainWindow           - Scaled ratio: (1.0, 1.0)
08:20:53.212 [JavaFX Application Thread] DEBUG MainWindow           - Scene size: 600.0 x 600.0
08:20:53.212 [JavaFX Application Thread] DEBUG MainWindow           - Stage size: 616.0 x 639.0
08:20:53.220 [FXGL Background Thread 1 ] DEBUG Engine               - Initializing environment variables
08:20:53.247 [FXGL Background Thread 1 ] DEBUG GameApplicationService - Applying CSS: fxgl_dark.css
08:20:53.248 [FXGL Background Thread 1 ] DEBUG FXGLAssetLoaderService - Loading from file system: /assets/ui/css/fxgl_dark.css
08:20:53.292 [FXGL Background Thread 1 ] DEBUG GameApplicationService - Initializing application scenes
08:20:53.337 [FXGL Background Thread 1 ] DEBUG GameWorld            - Game world initialized
08:20:53.393 [FXGL Background Thread 1 ] DEBUG PhysicsWorld         - Physics world initialized: appHeight=600, physics.ppm=50.0
08:20:53.396 [FXGL Background Thread 1 ] DEBUG GameScene            - Game scene initialized: 600x600
08:20:53.428 [FXGL Background Thread 1 ] DEBUG FXGLAssetLoaderService - Loading from file system: /assets/textures/particles/trace_horizontal.png
08:20:53.483 [FXGL Background Thread 1 ] WARN  FXGL.DefaultMenu     - FXGLDefaultMenu is not designed for resolutions < 800x600
08:20:53.483 [FXGL Background Thread 1 ] DEBUG FXGL.DefaultMenu     - createMenuBodyGameMenu()
08:20:53.501 [FXGL Background Thread 1 ] DEBUG FXGL.DefaultMenu     - createOptionsMenu()
08:20:53.508 [FXGL Background Thread 1 ] DEBUG FXGLAssetLoaderService - Loading from file system: /assets/textures/particles/smoke.png
08:20:53.573 [FXGL Background Thread 1 ] DEBUG GameApplicationService - Application scenes initialized
08:20:53.586 [FXGL Background Thread 1 ] DEBUG SystemBundleService  - Loading FXGL system data
08:20:53.591 [FXGL Background Thread 1 ] DEBUG FileSystemAccess     - Reading from: D:\CodeGym\Module02\casestudy2\system\fxgl.bundle
08:20:53.596 [FXGL Background Thread 1 ] DEBUG SystemBundleService  - Bundle FXGL: {}
08:20:53.596 [FXGL Background Thread 1 ] DEBUG UpdaterService       - Checking for updates
08:20:53.599 [FXGL Background Thread 1 ] DEBUG FXGLApplication      - Loading localizations
08:20:53.599 [FXGL Background Thread 1 ] DEBUG FXGLAssetLoaderService - Loading from file system: /assets/languages/english.lang
08:20:53.610 [FXGL Background Thread 1 ] DEBUG FXGLAssetLoaderService - Loading from file system: /assets/languages/french.lang
08:20:53.611 [FXGL Background Thread 1 ] DEBUG FXGLAssetLoaderService - Loading from file system: /assets/languages/german.lang
08:20:53.613 [FXGL Background Thread 1 ] DEBUG FXGLAssetLoaderService - Loading from file system: /assets/languages/hungarian.lang
08:20:53.617 [FXGL Background Thread 1 ] DEBUG FXGLAssetLoaderService - Loading from file system: /assets/languages/russian.lang
08:20:53.620 [FXGL Background Thread 1 ] DEBUG FXGLApplication      - Registering font factories with UI factory
08:20:53.620 [FXGL Background Thread 1 ] DEBUG FXGLAssetLoaderService - Loading from file system: /assets/ui/fonts/VarelaRound-Regular.ttf
08:20:53.844 [FXGL Background Thread 1 ] DEBUG FXGLAssetLoaderService - Loading from file system: /assets/ui/fonts/Abel-Regular.ttf
08:20:53.847 [FXGL Background Thread 1 ] DEBUG FXGLAssetLoaderService - Loading from file system: /assets/ui/fonts/lucida_console.ttf
08:20:53.853 [FXGL Background Thread 1 ] DEBUG FXGLAssetLoaderService - Loading from file system: /assets/ui/fonts/Courier-Prime.ttf
08:20:53.857 [FXGL Background Thread 1 ] INFO  FXGLApplication      - FXGL initialization took: 0.636 sec
08:20:53.864 [JavaFX Application Thread] DEBUG Input                - Registered new binding: Move Right - D
08:20:53.864 [JavaFX Application Thread] DEBUG Input                - Registered new binding: Move Left - A
08:20:53.864 [JavaFX Application Thread] DEBUG Input                - Registered new binding: Move Up - W
08:20:53.865 [JavaFX Application Thread] DEBUG Input                - Registered new binding: Move Down - S
08:20:53.865 [JavaFX Application Thread] DEBUG Input                - Registered new binding: Play Sound - F
08:20:53.865 [JavaFX Application Thread] DEBUG FXGLAssetLoaderService - Loading from file system: /assets/textures/fxgl_icon.png
08:20:53.887 [JavaFX Application Thread] DEBUG FXGLAssetLoaderService - Loading from file system: /assets/ui/cursors/fxgl_default.png
08:20:53.888 [JavaFX Application Thread] DEBUG Input                - Registered new binding: Screenshot - P
08:20:53.889 [JavaFX Application Thread] DEBUG Input                - Registered new binding: System info dump - CTRL+9
08:20:53.889 [JavaFX Application Thread] DEBUG Input                - Registered new binding: Restart - CTRL+R
08:20:53.890 [JavaFX Application Thread] DEBUG LoopRunner           - Starting loop
08:20:53.903 [JavaFX Application Thread] DEBUG FXGLStartupScene     - STARTUP
08:20:53.903 [JavaFX Application Thread] DEBUG GameApplicationService - Starting new game
08:20:53.903 [JavaFX Application Thread] DEBUG Input                - Clearing active input actions
08:20:53.912 [JavaFX Application Thread] DEBUG GameApplicationService - Removing overlay from FXGLStartupScene and adding to FXGLLoadingScene
08:20:53.912 [JavaFX Application Thread] DEBUG MainWindow           - FXGLStartupScene -> FXGLLoadingScene
08:20:53.912 [JavaFX Application Thread] DEBUG GameApplicationService - Clearing previous game
08:20:53.912 [JavaFX Application Thread] DEBUG GameScene            - Clearing game scene
08:20:53.912 [JavaFX Application Thread] DEBUG GameWorld            - Clearing game world
08:20:53.912 [JavaFX Application Thread] DEBUG PhysicsWorld         - Clearing physics world
08:20:53.913 [FXGL Background Thread 1 ] DEBUG FXGLApplication      - Initializing game
08:20:53.915 [FXGL Background Thread 1 ] DEBUG FXGLAssetLoaderService - Loading from file system: /assets/textures/brick.png
08:20:53.916 [FXGL Background Thread 1 ] WARN  FXGLAssetLoaderService - Failed to load texture brick.png Error: java.lang.IllegalArgumentException: Asset "/assets/textures/brick.png" was not found!
08:20:54.016 [FXGL Background Thread 1 ] INFO  FXGLApplication      - Game initialization took: 0.102 sec
08:20:54.038 [JavaFX Application Thread] DEBUG Input                - Clearing active input actions
08:20:54.047 [JavaFX Application Thread] DEBUG GameApplicationService - Removing overlay from FXGLLoadingScene and adding to GameScene
08:20:54.048 [JavaFX Application Thread] DEBUG MainWindow           - FXGLLoadingScene -> GameScene
08:20:54.545 [FXGL Background Thread 2 ] INFO  UpdaterService       - Your current version:  dev-SNAPSHOT
08:20:54.545 [FXGL Background Thread 2 ] INFO  UpdaterService       - Latest stable version: 11.9
08:20:56.600 [FXGL Background Thread 3 ] DEBUG Engine               - Logging environment variables
08:20:56.600 [FXGL Background Thread 3 ] DEBUG Engine               - achievements: []
08:20:56.600 [FXGL Background Thread 3 ] DEBUG Engine               - appIcon: fxgl_icon.png
08:20:56.600 [FXGL Background Thread 3 ] DEBUG Engine               - applicationMode: DEVELOPER
08:20:56.600 [FXGL Background Thread 3 ] DEBUG Engine               - cSSList: [fxgl_dark.css]
08:20:56.600 [FXGL Background Thread 3 ] DEBUG Engine               - configClass: Optional.empty
08:20:56.600 [FXGL Background Thread 3 ] DEBUG Engine               - credits: []
08:20:56.600 [FXGL Background Thread 3 ] DEBUG Engine               - devBBoxColorProperty: ObjectProperty [value: 0xff0000ff]
08:20:56.601 [FXGL Background Thread 3 ] DEBUG Engine               - devSensorColorProperty: ObjectProperty [value: 0xffff00ff]
08:20:56.601 [FXGL Background Thread 3 ] DEBUG Engine               - devShowBBoxProperty: BooleanProperty [value: false]
08:20:56.601 [FXGL Background Thread 3 ] DEBUG Engine               - devShowPositionProperty: BooleanProperty [value: false]
08:20:56.601 [FXGL Background Thread 3 ] DEBUG Engine               - enabledMenuItems: []
08:20:56.601 [FXGL Background Thread 3 ] DEBUG Engine               - engineServices: [class com.almasb.fxgl.app.FXGLApplication$GameApplicationService, class com.almasb.fxgl.app.services.FXGLDialogService, class com.almasb.fxgl.app.services.IOTaskExecutorService, class com.almasb.fxgl.event.EventBusService, class com.almasb.fxgl.io.FileSystemService, class com.almasb.fxgl.localization.LocalizationService, class com.almasb.fxgl.app.services.FXGLAssetLoaderService, class com.almasb.fxgl.app.services.SystemBundleService, class com.almasb.fxgl.profile.SaveLoadService, class com.almasb.fxgl.ui.FXGLUIFactoryServiceProvider, class com.almasb.fxgl.ui.FXGLDialogFactoryServiceProvider, class com.almasb.fxgl.audio.AudioPlayer, class com.almasb.fxgl.notification.impl.NotificationServiceProvider, class com.almasb.fxgl.achievement.AchievementService, class com.almasb.fxgl.cutscene.CutsceneService, class com.almasb.fxgl.minigames.MiniGameService, class com.almasb.fxgl.net.NetService, class com.almasb.fxgl.app.services.UpdaterService, class com.almasb.fxgl.dev.DevService]
08:20:56.601 [FXGL Background Thread 3 ] DEBUG Engine               - fontGame: Abel-Regular.ttf
08:20:56.601 [FXGL Background Thread 3 ] DEBUG Engine               - fontMono: lucida_console.ttf
08:20:56.601 [FXGL Background Thread 3 ] DEBUG Engine               - fontText: Courier-Prime.ttf
08:20:56.601 [FXGL Background Thread 3 ] DEBUG Engine               - fontUI: VarelaRound-Regular.ttf
08:20:56.601 [FXGL Background Thread 3 ] DEBUG Engine               - fullScreen: BooleanProperty [value: false]
08:20:56.601 [FXGL Background Thread 3 ] DEBUG Engine               - gameDifficulty: MEDIUM
08:20:56.601 [FXGL Background Thread 3 ] DEBUG Engine               - gameDifficultyProperty: ObjectProperty [value: MEDIUM]
08:20:56.601 [FXGL Background Thread 3 ] DEBUG Engine               - globalMusicVolume: 0.5
08:20:56.601 [FXGL Background Thread 3 ] DEBUG Engine               - globalMusicVolumeProperty: DoubleProperty [value: 0.5]
08:20:56.601 [FXGL Background Thread 3 ] DEBUG Engine               - globalSoundVolume: 0.5
08:20:56.601 [FXGL Background Thread 3 ] DEBUG Engine               - globalSoundVolumeProperty: DoubleProperty [value: 0.5]
08:20:56.601 [FXGL Background Thread 3 ] DEBUG Engine               - height: 600
08:20:56.601 [FXGL Background Thread 3 ] DEBUG Engine               - isAndroid: false
08:20:56.601 [FXGL Background Thread 3 ] DEBUG Engine               - isBrowser: false
08:20:56.601 [FXGL Background Thread 3 ] DEBUG Engine               - isClickFeedbackEnabled: false
08:20:56.602 [FXGL Background Thread 3 ] DEBUG Engine               - isCloseConfirmation: false
08:20:56.602 [FXGL Background Thread 3 ] DEBUG Engine               - isDesktop: true
08:20:56.602 [FXGL Background Thread 3 ] DEBUG Engine               - isDeveloperMenuEnabled: false
08:20:56.602 [FXGL Background Thread 3 ] DEBUG Engine               - isEntityPreloadEnabled: true
08:20:56.602 [FXGL Background Thread 3 ] DEBUG Engine               - isExperimentalNative: false
08:20:56.602 [FXGL Background Thread 3 ] DEBUG Engine               - isExperimentalTiledLargeMap: false
08:20:56.602 [FXGL Background Thread 3 ] DEBUG Engine               - isFullScreenAllowed: false
08:20:56.602 [FXGL Background Thread 3 ] DEBUG Engine               - isFullScreenFromStart: false
08:20:56.602 [FXGL Background Thread 3 ] DEBUG Engine               - isGameMenuEnabled: true
08:20:56.602 [FXGL Background Thread 3 ] DEBUG Engine               - isIOS: false
08:20:56.602 [FXGL Background Thread 3 ] DEBUG Engine               - isIntroEnabled: false
08:20:56.602 [FXGL Background Thread 3 ] DEBUG Engine               - isLinux: false
08:20:56.602 [FXGL Background Thread 3 ] DEBUG Engine               - isMac: false
08:20:56.602 [FXGL Background Thread 3 ] DEBUG Engine               - isMainMenuEnabled: false
08:20:56.602 [FXGL Background Thread 3 ] DEBUG Engine               - isManualResizeEnabled: false
08:20:56.602 [FXGL Background Thread 3 ] DEBUG Engine               - isMobile: false
08:20:56.602 [FXGL Background Thread 3 ] DEBUG Engine               - isPreserveResizeRatio: false
08:20:56.602 [FXGL Background Thread 3 ] DEBUG Engine               - isProfilingEnabled: false
08:20:56.602 [FXGL Background Thread 3 ] DEBUG Engine               - isSingleStep: false
08:20:56.602 [FXGL Background Thread 3 ] DEBUG Engine               - isUserProfileEnabled: false
08:20:56.602 [FXGL Background Thread 3 ] DEBUG Engine               - isWindows: true
08:20:56.603 [FXGL Background Thread 3 ] DEBUG Engine               - language: ObjectProperty [value: ENGLISH]
08:20:56.603 [FXGL Background Thread 3 ] DEBUG Engine               - menuKey: ESCAPE
08:20:56.603 [FXGL Background Thread 3 ] DEBUG Engine               - notificationViewClass: class com.almasb.fxgl.notification.view.XboxNotificationView
08:20:56.603 [FXGL Background Thread 3 ] DEBUG Engine               - pixelsPerMeter: 50.0
08:20:56.603 [FXGL Background Thread 3 ] DEBUG Engine               - platform: WINDOWS
08:20:56.603 [FXGL Background Thread 3 ] DEBUG Engine               - profileDir: profiles/
08:20:56.603 [FXGL Background Thread 3 ] DEBUG Engine               - profileName: StringProperty [value: DEFAULT]
08:20:56.603 [FXGL Background Thread 3 ] DEBUG Engine               - randomSeed: -1
08:20:56.603 [FXGL Background Thread 3 ] DEBUG Engine               - runtimeInfo: RuntimeInfo(platform=WINDOWS, version=dev-SNAPSHOT, build=07.07.2020 16.34)
08:20:56.603 [FXGL Background Thread 3 ] DEBUG Engine               - saveFileExt: sav
08:20:56.603 [FXGL Background Thread 3 ] DEBUG Engine               - sceneFactory: com.almasb.fxgl.app.scene.SceneFactory@790203bf
08:20:56.603 [FXGL Background Thread 3 ] DEBUG Engine               - secondsIn24h: 60
08:20:56.603 [FXGL Background Thread 3 ] DEBUG Engine               - soundMenuBack: menu/back.wav
08:20:56.603 [FXGL Background Thread 3 ] DEBUG Engine               - soundMenuPress: menu/press.wav
08:20:56.603 [FXGL Background Thread 3 ] DEBUG Engine               - soundMenuSelect: menu/select.wav
08:20:56.603 [FXGL Background Thread 3 ] DEBUG Engine               - soundNotification: core/notification.wav
08:20:56.603 [FXGL Background Thread 3 ] DEBUG Engine               - stageStyle: DECORATED
08:20:56.603 [FXGL Background Thread 3 ] DEBUG Engine               - supportedLanguages: [ENGLISH, FRENCH, GERMAN, HUNGARIAN, RUSSIAN]
08:20:56.603 [FXGL Background Thread 3 ] DEBUG Engine               - title: Basic Game App
08:20:56.603 [FXGL Background Thread 3 ] DEBUG Engine               - urlGithub: https://github.com/AlmasB/FXGL
08:20:56.603 [FXGL Background Thread 3 ] DEBUG Engine               - urlLeaderboard: http://fxgl-top.herokuapp.com/
08:20:56.603 [FXGL Background Thread 3 ] DEBUG Engine               - urlPOM: https://raw.githubusercontent.com/AlmasB/FXGL/master/pom.xml
08:20:56.603 [FXGL Background Thread 3 ] DEBUG Engine               - version: 0.1
08:20:56.604 [FXGL Background Thread 3 ] DEBUG Engine               - versionCheckDays: 7
08:20:56.604 [FXGL Background Thread 3 ] DEBUG Engine               - width: 600
08:20:56.604 [FXGL Background Thread 3 ] DEBUG Engine               - Logging services
08:20:56.604 [FXGL Background Thread 3 ] DEBUG Engine               - class com.almasb.fxgl.app.FXGLApplication$GameApplicationService
08:20:56.604 [FXGL Background Thread 3 ] DEBUG Engine               - class com.almasb.fxgl.app.services.FXGLDialogService
08:20:56.604 [FXGL Background Thread 3 ] DEBUG Engine               - class com.almasb.fxgl.app.services.IOTaskExecutorService
08:20:56.604 [FXGL Background Thread 3 ] DEBUG Engine               - class com.almasb.fxgl.event.EventBusService
08:20:56.604 [FXGL Background Thread 3 ] DEBUG Engine               - class com.almasb.fxgl.io.FileSystemService
08:20:56.604 [FXGL Background Thread 3 ] DEBUG Engine               - class com.almasb.fxgl.localization.LocalizationService
08:20:56.604 [FXGL Background Thread 3 ] DEBUG Engine               - class com.almasb.fxgl.app.services.FXGLAssetLoaderService
08:20:56.604 [FXGL Background Thread 3 ] DEBUG Engine               - class com.almasb.fxgl.app.services.SystemBundleService
08:20:56.604 [FXGL Background Thread 3 ] DEBUG Engine               - class com.almasb.fxgl.profile.SaveLoadService
08:20:56.604 [FXGL Background Thread 3 ] DEBUG Engine               - class com.almasb.fxgl.ui.FXGLUIFactoryServiceProvider
08:20:56.604 [FXGL Background Thread 3 ] DEBUG Engine               - class com.almasb.fxgl.ui.FXGLDialogFactoryServiceProvider
08:20:56.604 [FXGL Background Thread 3 ] DEBUG Engine               - class com.almasb.fxgl.audio.AudioPlayer
08:20:56.604 [FXGL Background Thread 3 ] DEBUG Engine               - class com.almasb.fxgl.notification.impl.NotificationServiceProvider
08:20:56.604 [FXGL Background Thread 3 ] DEBUG Engine               - class com.almasb.fxgl.achievement.AchievementService
08:20:56.604 [FXGL Background Thread 3 ] DEBUG Engine               - class com.almasb.fxgl.cutscene.CutsceneService
08:20:56.604 [FXGL Background Thread 3 ] DEBUG Engine               - class com.almasb.fxgl.minigames.MiniGameService
08:20:56.604 [FXGL Background Thread 3 ] DEBUG Engine               - class com.almasb.fxgl.net.NetService
08:20:56.604 [FXGL Background Thread 3 ] DEBUG Engine               - class com.almasb.fxgl.app.services.UpdaterService
08:20:56.604 [FXGL Background Thread 3 ] DEBUG Engine               - class com.almasb.fxgl.dev.DevService
08:21:17.882 [JavaFX Application Thread] DEBUG FXGLApplication      - Exiting FXGL
08:21:17.882 [JavaFX Application Thread] DEBUG LoopRunner           - Stopping loop
08:21:17.882 [JavaFX Application Thread] DEBUG SystemBundleService  - Saving FXGL system data
08:21:17.888 [JavaFX Application Thread] DEBUG FileSystemAccess     - Writing to: D:\CodeGym\Module02\casestudy2\system\fxgl.bundle
08:21:17.889 [JavaFX Application Thread] DEBUG FXGLApplication      - Shutting down background threads
08:21:17.889 [JavaFX Application Thread] DEBUG FXGLApplication      - Closing logger and exiting JavaFX
