14:24:33.170 [main                     ] DEBUG GameApplication      - Logger initialized
14:24:33.186 [main                     ] DEBUG GameApplication      - Logging settings
Title: Basic Game App
Version: 0.1
Width: 600
Height: 600
Fullscreen: false
Intro: false
Profiling: false
Single step:false
App Mode: DEVELOPER
Menu Key: ESCAPE
Stage Style: DECORATED
Scene Factory: class com.almasb.fxgl.app.scene.SceneFactory

14:24:33.512 [JavaFX Application Thread] DEBUG FXGLApplication      - Initializing FXGL
14:24:33.527 [JavaFX Application Thread] INFO  Engine               - FXGL-dev-SNAPSHOT (07.07.2020 16.34) on WINDOWS (J:11.0.7 FX:13.0.2)
14:24:33.528 [JavaFX Application Thread] DEBUG Engine               - JRE Vendor Name: Oracle Corporation
14:24:33.528 [JavaFX Application Thread] DEBUG Engine               - Running on OS: Windows 10 version 10.0
14:24:33.528 [JavaFX Application Thread] DEBUG Engine               - Architecture: amd64
14:24:33.528 [JavaFX Application Thread] INFO  Engine               - Source code and latest versions at: https://github.com/AlmasB/FXGL
14:24:33.528 [JavaFX Application Thread] INFO  Engine               -              Join the FXGL chat at: https://gitter.im/AlmasB/FXGL
14:24:33.623 [JavaFX Application Thread] DEBUG MainWindow           - Creating a JavaFX scene
14:24:33.675 [JavaFX Application Thread] DEBUG MainWindow           - Target settings size: 600.0 x 600.0
14:24:33.675 [JavaFX Application Thread] DEBUG MainWindow           - Scaled scene size:    600.0 x 600.0
14:24:33.675 [JavaFX Application Thread] DEBUG MainWindow           - Scaled ratio: (1.0, 1.0)
14:24:33.676 [JavaFX Application Thread] DEBUG MainWindow           - Set initial scene to FXGLStartupScene
14:24:33.681 [JavaFX Application Thread] DEBUG MainWindow           - Opening main window
14:24:33.759 [JavaFX Application Thread] DEBUG MainWindow           - Window border size: (16.0, 39.0)
14:24:33.760 [JavaFX Application Thread] DEBUG MainWindow           - Scaled size: 600.0 x 600.0
14:24:33.760 [JavaFX Application Thread] DEBUG MainWindow           - Scaled ratio: (1.0, 1.0)
14:24:33.760 [JavaFX Application Thread] DEBUG MainWindow           - Scene size: 600.0 x 600.0
14:24:33.760 [JavaFX Application Thread] DEBUG MainWindow           - Stage size: 616.0 x 639.0
14:24:33.767 [FXGL Background Thread 1 ] DEBUG Engine               - Initializing environment variables
14:24:33.788 [FXGL Background Thread 1 ] DEBUG GameApplicationService - Applying CSS: fxgl_dark.css
14:24:33.788 [FXGL Background Thread 1 ] DEBUG FXGLAssetLoaderService - Loading from file system: /assets/ui/css/fxgl_dark.css
14:24:33.831 [FXGL Background Thread 1 ] DEBUG GameApplicationService - Initializing application scenes
14:24:33.868 [FXGL Background Thread 1 ] DEBUG GameWorld            - Game world initialized
14:24:33.919 [FXGL Background Thread 1 ] DEBUG PhysicsWorld         - Physics world initialized: appHeight=600, physics.ppm=50.0
14:24:33.921 [FXGL Background Thread 1 ] DEBUG GameScene            - Game scene initialized: 600x600
14:24:33.947 [FXGL Background Thread 1 ] DEBUG FXGLAssetLoaderService - Loading from file system: /assets/textures/particles/trace_horizontal.png
14:24:33.992 [FXGL Background Thread 1 ] WARN  FXGL.DefaultMenu     - FXGLDefaultMenu is not designed for resolutions < 800x600
14:24:33.992 [FXGL Background Thread 1 ] DEBUG FXGL.DefaultMenu     - createMenuBodyGameMenu()
14:24:34.007 [FXGL Background Thread 1 ] DEBUG FXGL.DefaultMenu     - createOptionsMenu()
14:24:34.013 [FXGL Background Thread 1 ] DEBUG FXGLAssetLoaderService - Loading from file system: /assets/textures/particles/smoke.png
14:24:34.071 [FXGL Background Thread 1 ] DEBUG GameApplicationService - Application scenes initialized
14:24:34.084 [FXGL Background Thread 1 ] DEBUG SystemBundleService  - Loading FXGL system data
14:24:34.089 [FXGL Background Thread 1 ] DEBUG FileSystemAccess     - Reading from: D:\CodeGym\Module02\casestudy2\system\fxgl.bundle
14:24:34.095 [FXGL Background Thread 1 ] DEBUG SystemBundleService  - Bundle FXGL: {}
14:24:34.095 [FXGL Background Thread 1 ] DEBUG UpdaterService       - Checking for updates
14:24:34.099 [FXGL Background Thread 1 ] DEBUG FXGLApplication      - Loading localizations
14:24:34.099 [FXGL Background Thread 1 ] DEBUG FXGLAssetLoaderService - Loading from file system: /assets/languages/english.lang
14:24:34.112 [FXGL Background Thread 1 ] DEBUG FXGLAssetLoaderService - Loading from file system: /assets/languages/french.lang
14:24:34.113 [FXGL Background Thread 1 ] DEBUG FXGLAssetLoaderService - Loading from file system: /assets/languages/german.lang
14:24:34.115 [FXGL Background Thread 1 ] DEBUG FXGLAssetLoaderService - Loading from file system: /assets/languages/hungarian.lang
14:24:34.120 [FXGL Background Thread 1 ] DEBUG FXGLAssetLoaderService - Loading from file system: /assets/languages/russian.lang
14:24:34.122 [FXGL Background Thread 1 ] DEBUG FXGLApplication      - Registering font factories with UI factory
14:24:34.123 [FXGL Background Thread 1 ] DEBUG FXGLAssetLoaderService - Loading from file system: /assets/ui/fonts/VarelaRound-Regular.ttf
14:24:34.353 [FXGL Background Thread 1 ] DEBUG FXGLAssetLoaderService - Loading from file system: /assets/ui/fonts/Abel-Regular.ttf
14:24:34.356 [FXGL Background Thread 1 ] DEBUG FXGLAssetLoaderService - Loading from file system: /assets/ui/fonts/lucida_console.ttf
14:24:34.360 [FXGL Background Thread 1 ] DEBUG FXGLAssetLoaderService - Loading from file system: /assets/ui/fonts/Courier-Prime.ttf
14:24:34.364 [FXGL Background Thread 1 ] INFO  FXGLApplication      - FXGL initialization took: 0.597 sec
14:24:34.373 [JavaFX Application Thread] DEBUG Input                - Registered new binding: Move Right - D
14:24:34.373 [JavaFX Application Thread] DEBUG Input                - Registered new binding: Move Left - A
14:24:34.373 [JavaFX Application Thread] DEBUG Input                - Registered new binding: Move Up - W
14:24:34.374 [JavaFX Application Thread] DEBUG Input                - Registered new binding: Move Down - S
14:24:34.374 [JavaFX Application Thread] DEBUG Input                - Registered new binding: Play Sound - F
14:24:34.374 [JavaFX Application Thread] DEBUG FXGLAssetLoaderService - Loading from file system: /assets/textures/fxgl_icon.png
14:24:34.395 [JavaFX Application Thread] DEBUG FXGLAssetLoaderService - Loading from file system: /assets/ui/cursors/fxgl_default.png
14:24:34.397 [JavaFX Application Thread] DEBUG Input                - Registered new binding: Screenshot - P
14:24:34.397 [JavaFX Application Thread] DEBUG Input                - Registered new binding: System info dump - CTRL+9
14:24:34.398 [JavaFX Application Thread] DEBUG Input                - Registered new binding: Restart - CTRL+R
14:24:34.399 [JavaFX Application Thread] DEBUG LoopRunner           - Starting loop
14:24:34.417 [JavaFX Application Thread] DEBUG FXGLStartupScene     - STARTUP
14:24:34.417 [JavaFX Application Thread] DEBUG GameApplicationService - Starting new game
14:24:34.417 [JavaFX Application Thread] DEBUG Input                - Clearing active input actions
14:24:34.425 [JavaFX Application Thread] DEBUG GameApplicationService - Removing overlay from FXGLStartupScene and adding to FXGLLoadingScene
14:24:34.425 [JavaFX Application Thread] DEBUG MainWindow           - FXGLStartupScene -> FXGLLoadingScene
14:24:34.426 [JavaFX Application Thread] DEBUG GameApplicationService - Clearing previous game
14:24:34.426 [JavaFX Application Thread] DEBUG GameScene            - Clearing game scene
14:24:34.426 [JavaFX Application Thread] DEBUG GameWorld            - Clearing game world
14:24:34.426 [JavaFX Application Thread] DEBUG PhysicsWorld         - Clearing physics world
14:24:34.427 [FXGL Background Thread 1 ] DEBUG FXGLApplication      - Initializing game
14:24:34.429 [FXGL Background Thread 1 ] DEBUG FXGLAssetLoaderService - Loading from file system: /assets/textures/brick.png
14:24:34.429 [FXGL Background Thread 1 ] WARN  FXGLAssetLoaderService - Failed to load texture brick.png Error: java.lang.IllegalArgumentException: Asset "/assets/textures/brick.png" was not found!
14:24:34.529 [FXGL Background Thread 1 ] DEBUG FXGLAssetLoaderService - Loading from file system: /assets/textures/brick.png
14:24:34.529 [FXGL Background Thread 1 ] WARN  FXGLAssetLoaderService - Failed to load texture brick.png Error: java.lang.IllegalArgumentException: Asset "/assets/textures/brick.png" was not found!
14:24:34.530 [FXGL Background Thread 1 ] INFO  FXGLApplication      - Game initialization took: 0.103 sec
14:24:34.557 [JavaFX Application Thread] DEBUG Input                - Clearing active input actions
14:24:34.566 [JavaFX Application Thread] DEBUG GameApplicationService - Removing overlay from FXGLLoadingScene and adding to GameScene
14:24:34.566 [JavaFX Application Thread] DEBUG MainWindow           - FXGLLoadingScene -> GameScene
14:24:35.750 [FXGL Background Thread 2 ] INFO  UpdaterService       - Your current version:  dev-SNAPSHOT
14:24:35.750 [FXGL Background Thread 2 ] INFO  UpdaterService       - Latest stable version: 11.9
14:24:37.099 [FXGL Background Thread 3 ] DEBUG Engine               - Logging environment variables
14:24:37.099 [FXGL Background Thread 3 ] DEBUG Engine               - achievements: []
14:24:37.099 [FXGL Background Thread 3 ] DEBUG Engine               - appIcon: fxgl_icon.png
14:24:37.099 [FXGL Background Thread 3 ] DEBUG Engine               - applicationMode: DEVELOPER
14:24:37.100 [FXGL Background Thread 3 ] DEBUG Engine               - cSSList: [fxgl_dark.css]
14:24:37.100 [FXGL Background Thread 3 ] DEBUG Engine               - configClass: Optional.empty
14:24:37.100 [FXGL Background Thread 3 ] DEBUG Engine               - credits: []
14:24:37.100 [FXGL Background Thread 3 ] DEBUG Engine               - devBBoxColorProperty: ObjectProperty [value: 0xff0000ff]
14:24:37.100 [FXGL Background Thread 3 ] DEBUG Engine               - devSensorColorProperty: ObjectProperty [value: 0xffff00ff]
14:24:37.100 [FXGL Background Thread 3 ] DEBUG Engine               - devShowBBoxProperty: BooleanProperty [value: false]
14:24:37.100 [FXGL Background Thread 3 ] DEBUG Engine               - devShowPositionProperty: BooleanProperty [value: false]
14:24:37.100 [FXGL Background Thread 3 ] DEBUG Engine               - enabledMenuItems: []
14:24:37.100 [FXGL Background Thread 3 ] DEBUG Engine               - engineServices: [class com.almasb.fxgl.app.FXGLApplication$GameApplicationService, class com.almasb.fxgl.app.services.FXGLDialogService, class com.almasb.fxgl.app.services.IOTaskExecutorService, class com.almasb.fxgl.event.EventBusService, class com.almasb.fxgl.io.FileSystemService, class com.almasb.fxgl.localization.LocalizationService, class com.almasb.fxgl.app.services.FXGLAssetLoaderService, class com.almasb.fxgl.app.services.SystemBundleService, class com.almasb.fxgl.profile.SaveLoadService, class com.almasb.fxgl.ui.FXGLUIFactoryServiceProvider, class com.almasb.fxgl.ui.FXGLDialogFactoryServiceProvider, class com.almasb.fxgl.audio.AudioPlayer, class com.almasb.fxgl.notification.impl.NotificationServiceProvider, class com.almasb.fxgl.achievement.AchievementService, class com.almasb.fxgl.cutscene.CutsceneService, class com.almasb.fxgl.minigames.MiniGameService, class com.almasb.fxgl.net.NetService, class com.almasb.fxgl.app.services.UpdaterService, class com.almasb.fxgl.dev.DevService]
14:24:37.100 [FXGL Background Thread 3 ] DEBUG Engine               - fontGame: Abel-Regular.ttf
14:24:37.100 [FXGL Background Thread 3 ] DEBUG Engine               - fontMono: lucida_console.ttf
14:24:37.100 [FXGL Background Thread 3 ] DEBUG Engine               - fontText: Courier-Prime.ttf
14:24:37.100 [FXGL Background Thread 3 ] DEBUG Engine               - fontUI: VarelaRound-Regular.ttf
14:24:37.100 [FXGL Background Thread 3 ] DEBUG Engine               - fullScreen: BooleanProperty [value: false]
14:24:37.100 [FXGL Background Thread 3 ] DEBUG Engine               - gameDifficulty: MEDIUM
14:24:37.100 [FXGL Background Thread 3 ] DEBUG Engine               - gameDifficultyProperty: ObjectProperty [value: MEDIUM]
14:24:37.100 [FXGL Background Thread 3 ] DEBUG Engine               - globalMusicVolume: 0.5
14:24:37.100 [FXGL Background Thread 3 ] DEBUG Engine               - globalMusicVolumeProperty: DoubleProperty [value: 0.5]
14:24:37.101 [FXGL Background Thread 3 ] DEBUG Engine               - globalSoundVolume: 0.5
14:24:37.101 [FXGL Background Thread 3 ] DEBUG Engine               - globalSoundVolumeProperty: DoubleProperty [value: 0.5]
14:24:37.101 [FXGL Background Thread 3 ] DEBUG Engine               - height: 600
14:24:37.101 [FXGL Background Thread 3 ] DEBUG Engine               - isAndroid: false
14:24:37.101 [FXGL Background Thread 3 ] DEBUG Engine               - isBrowser: false
14:24:37.101 [FXGL Background Thread 3 ] DEBUG Engine               - isClickFeedbackEnabled: false
14:24:37.101 [FXGL Background Thread 3 ] DEBUG Engine               - isCloseConfirmation: false
14:24:37.101 [FXGL Background Thread 3 ] DEBUG Engine               - isDesktop: true
14:24:37.101 [FXGL Background Thread 3 ] DEBUG Engine               - isDeveloperMenuEnabled: false
14:24:37.101 [FXGL Background Thread 3 ] DEBUG Engine               - isEntityPreloadEnabled: true
14:24:37.101 [FXGL Background Thread 3 ] DEBUG Engine               - isExperimentalNative: false
14:24:37.101 [FXGL Background Thread 3 ] DEBUG Engine               - isExperimentalTiledLargeMap: false
14:24:37.101 [FXGL Background Thread 3 ] DEBUG Engine               - isFullScreenAllowed: false
14:24:37.101 [FXGL Background Thread 3 ] DEBUG Engine               - isFullScreenFromStart: false
14:24:37.101 [FXGL Background Thread 3 ] DEBUG Engine               - isGameMenuEnabled: true
14:24:37.101 [FXGL Background Thread 3 ] DEBUG Engine               - isIOS: false
14:24:37.101 [FXGL Background Thread 3 ] DEBUG Engine               - isIntroEnabled: false
14:24:37.101 [FXGL Background Thread 3 ] DEBUG Engine               - isLinux: false
14:24:37.101 [FXGL Background Thread 3 ] DEBUG Engine               - isMac: false
14:24:37.101 [FXGL Background Thread 3 ] DEBUG Engine               - isMainMenuEnabled: false
14:24:37.101 [FXGL Background Thread 3 ] DEBUG Engine               - isManualResizeEnabled: false
14:24:37.101 [FXGL Background Thread 3 ] DEBUG Engine               - isMobile: false
14:24:37.102 [FXGL Background Thread 3 ] DEBUG Engine               - isPreserveResizeRatio: false
14:24:37.102 [FXGL Background Thread 3 ] DEBUG Engine               - isProfilingEnabled: false
14:24:37.102 [FXGL Background Thread 3 ] DEBUG Engine               - isSingleStep: false
14:24:37.102 [FXGL Background Thread 3 ] DEBUG Engine               - isUserProfileEnabled: false
14:24:37.102 [FXGL Background Thread 3 ] DEBUG Engine               - isWindows: true
14:24:37.102 [FXGL Background Thread 3 ] DEBUG Engine               - language: ObjectProperty [value: ENGLISH]
14:24:37.102 [FXGL Background Thread 3 ] DEBUG Engine               - menuKey: ESCAPE
14:24:37.102 [FXGL Background Thread 3 ] DEBUG Engine               - notificationViewClass: class com.almasb.fxgl.notification.view.XboxNotificationView
14:24:37.102 [FXGL Background Thread 3 ] DEBUG Engine               - pixelsPerMeter: 50.0
14:24:37.102 [FXGL Background Thread 3 ] DEBUG Engine               - platform: WINDOWS
14:24:37.102 [FXGL Background Thread 3 ] DEBUG Engine               - profileDir: profiles/
14:24:37.102 [FXGL Background Thread 3 ] DEBUG Engine               - profileName: StringProperty [value: DEFAULT]
14:24:37.102 [FXGL Background Thread 3 ] DEBUG Engine               - randomSeed: -1
14:24:37.102 [FXGL Background Thread 3 ] DEBUG Engine               - runtimeInfo: RuntimeInfo(platform=WINDOWS, version=dev-SNAPSHOT, build=07.07.2020 16.34)
14:24:37.102 [FXGL Background Thread 3 ] DEBUG Engine               - saveFileExt: sav
14:24:37.102 [FXGL Background Thread 3 ] DEBUG Engine               - sceneFactory: com.almasb.fxgl.app.scene.SceneFactory@74200f80
14:24:37.102 [FXGL Background Thread 3 ] DEBUG Engine               - secondsIn24h: 60
14:24:37.102 [FXGL Background Thread 3 ] DEBUG Engine               - soundMenuBack: menu/back.wav
14:24:37.102 [FXGL Background Thread 3 ] DEBUG Engine               - soundMenuPress: menu/press.wav
14:24:37.102 [FXGL Background Thread 3 ] DEBUG Engine               - soundMenuSelect: menu/select.wav
14:24:37.102 [FXGL Background Thread 3 ] DEBUG Engine               - soundNotification: core/notification.wav
14:24:37.102 [FXGL Background Thread 3 ] DEBUG Engine               - stageStyle: DECORATED
14:24:37.102 [FXGL Background Thread 3 ] DEBUG Engine               - supportedLanguages: [ENGLISH, FRENCH, GERMAN, HUNGARIAN, RUSSIAN]
14:24:37.103 [FXGL Background Thread 3 ] DEBUG Engine               - title: Basic Game App
14:24:37.103 [FXGL Background Thread 3 ] DEBUG Engine               - urlGithub: https://github.com/AlmasB/FXGL
14:24:37.103 [FXGL Background Thread 3 ] DEBUG Engine               - urlLeaderboard: http://fxgl-top.herokuapp.com/
14:24:37.103 [FXGL Background Thread 3 ] DEBUG Engine               - urlPOM: https://raw.githubusercontent.com/AlmasB/FXGL/master/pom.xml
14:24:37.103 [FXGL Background Thread 3 ] DEBUG Engine               - version: 0.1
14:24:37.103 [FXGL Background Thread 3 ] DEBUG Engine               - versionCheckDays: 7
14:24:37.103 [FXGL Background Thread 3 ] DEBUG Engine               - width: 600
14:24:37.103 [FXGL Background Thread 3 ] DEBUG Engine               - Logging services
14:24:37.103 [FXGL Background Thread 3 ] DEBUG Engine               - class com.almasb.fxgl.app.FXGLApplication$GameApplicationService
14:24:37.103 [FXGL Background Thread 3 ] DEBUG Engine               - class com.almasb.fxgl.app.services.FXGLDialogService
14:24:37.103 [FXGL Background Thread 3 ] DEBUG Engine               - class com.almasb.fxgl.app.services.IOTaskExecutorService
14:24:37.103 [FXGL Background Thread 3 ] DEBUG Engine               - class com.almasb.fxgl.event.EventBusService
14:24:37.103 [FXGL Background Thread 3 ] DEBUG Engine               - class com.almasb.fxgl.io.FileSystemService
14:24:37.103 [FXGL Background Thread 3 ] DEBUG Engine               - class com.almasb.fxgl.localization.LocalizationService
14:24:37.103 [FXGL Background Thread 3 ] DEBUG Engine               - class com.almasb.fxgl.app.services.FXGLAssetLoaderService
14:24:37.104 [FXGL Background Thread 3 ] DEBUG Engine               - class com.almasb.fxgl.app.services.SystemBundleService
14:24:37.104 [FXGL Background Thread 3 ] DEBUG Engine               - class com.almasb.fxgl.profile.SaveLoadService
14:24:37.104 [FXGL Background Thread 3 ] DEBUG Engine               - class com.almasb.fxgl.ui.FXGLUIFactoryServiceProvider
14:24:37.104 [FXGL Background Thread 3 ] DEBUG Engine               - class com.almasb.fxgl.ui.FXGLDialogFactoryServiceProvider
14:24:37.104 [FXGL Background Thread 3 ] DEBUG Engine               - class com.almasb.fxgl.audio.AudioPlayer
14:24:37.104 [FXGL Background Thread 3 ] DEBUG Engine               - class com.almasb.fxgl.notification.impl.NotificationServiceProvider
14:24:37.104 [FXGL Background Thread 3 ] DEBUG Engine               - class com.almasb.fxgl.achievement.AchievementService
14:24:37.104 [FXGL Background Thread 3 ] DEBUG Engine               - class com.almasb.fxgl.cutscene.CutsceneService
14:24:37.104 [FXGL Background Thread 3 ] DEBUG Engine               - class com.almasb.fxgl.minigames.MiniGameService
14:24:37.104 [FXGL Background Thread 3 ] DEBUG Engine               - class com.almasb.fxgl.net.NetService
14:24:37.104 [FXGL Background Thread 3 ] DEBUG Engine               - class com.almasb.fxgl.app.services.UpdaterService
14:24:37.104 [FXGL Background Thread 3 ] DEBUG Engine               - class com.almasb.fxgl.dev.DevService
14:25:00.137 [JavaFX Application Thread] DEBUG FXGLApplication      - Exiting FXGL
14:25:00.137 [JavaFX Application Thread] DEBUG LoopRunner           - Stopping loop
14:25:00.137 [JavaFX Application Thread] DEBUG SystemBundleService  - Saving FXGL system data
14:25:00.139 [JavaFX Application Thread] DEBUG FileSystemAccess     - Writing to: D:\CodeGym\Module02\casestudy2\system\fxgl.bundle
14:25:00.140 [JavaFX Application Thread] DEBUG FXGLApplication      - Shutting down background threads
14:25:00.140 [JavaFX Application Thread] DEBUG FXGLApplication      - Closing logger and exiting JavaFX
